<?xml version="1.0" encoding="UTF-8"?>
<testsuite xmlns:xsi="http://www.w3.org/2001/XMLSchema-instance" xsi:noNamespaceSchemaLocation="https://maven.apache.org/surefire/maven-surefire-plugin/xsd/surefire-test-report.xsd" name="com.revature.ecommerce.services.OrderHistoryServiceTest" time="0.066" tests="3" errors="0" skipped="0" failures="0">
  <properties>
[...]
</properties>
  <testcase name="OrderHistoryServiceTestCreateOrderHistoryByID" classname="com.revature.ecommerce.services.OrderHistoryServiceTest" time="0.048"/>
  <testcase name="OrderHistoryServiceTestFindOrderHistory" classname="com.revature.ecommerce.services.OrderHistoryServiceTest" time="0.003"/>
  <testcase name="OrderHistoryServiceSaveTest" classname="com.revature.ecommerce.services.OrderHistoryServiceTest" time="0.014"/>
</testsuite>